{"level":"info","message":"Listening on port 3001...","timestamp":"2020-05-31T15:50:46.611Z"}
{"level":"info","message":"Connected to mongodb://localhost/kjpos","timestamp":"2020-05-31T15:50:46.626Z"}
{"level":"info","message":"Listening on port 3001...","timestamp":"2020-05-31T15:53:14.493Z"}
{"level":"info","message":"Connected to mongodb://localhost/kjpos","timestamp":"2020-05-31T15:53:14.511Z"}
{"level":"info","message":"Listening on port 3001...","timestamp":"2020-05-31T15:53:40.061Z"}
{"level":"info","message":"Connected to mongodb://localhost/kjpos","timestamp":"2020-05-31T15:53:40.102Z"}
{"level":"info","message":"Listening on port 3001...","timestamp":"2020-05-31T15:55:25.223Z"}
{"level":"info","message":"Connected to mongodb://localhost/kjpos","timestamp":"2020-05-31T15:55:25.246Z"}
{"level":"info","message":"Listening on port 3001...","timestamp":"2020-05-31T15:56:13.458Z"}
{"level":"info","message":"Connected to mongodb://localhost/kjpos","timestamp":"2020-05-31T15:56:13.475Z"}
{"level":"info","message":"Listening on port 3001...","timestamp":"2020-05-31T15:57:17.612Z"}
{"level":"info","message":"Connected to mongodb://localhost/kjpos","timestamp":"2020-05-31T15:57:17.663Z"}
{"level":"info","message":"Listening on port 3001...","timestamp":"2020-05-31T15:57:20.854Z"}
{"level":"info","message":"Connected to mongodb://localhost/kjpos","timestamp":"2020-05-31T15:57:20.886Z"}
{"level":"info","message":"Listening on port 3001...","timestamp":"2020-05-31T15:58:01.991Z"}
{"level":"info","message":"Connected to mongodb://localhost/kjpos","timestamp":"2020-05-31T15:58:02.012Z"}
{"level":"info","message":"Listening on port 3001...","timestamp":"2020-05-31T15:58:26.261Z"}
{"level":"info","message":"Connected to mongodb://localhost/kjpos","timestamp":"2020-05-31T15:58:26.301Z"}
{"level":"info","message":"Listening on port 3001...","timestamp":"2020-05-31T15:58:38.026Z"}
{"level":"info","message":"Connected to mongodb://localhost/kjpos","timestamp":"2020-05-31T15:58:38.067Z"}
{"level":"info","message":"Listening on port 3001...","timestamp":"2020-05-31T15:58:57.707Z"}
{"level":"info","message":"Connected to mongodb://localhost/kjpos","timestamp":"2020-05-31T15:58:57.727Z"}
{"level":"info","message":"Listening on port 3001...","timestamp":"2020-05-31T15:59:04.196Z"}
{"level":"info","message":"Connected to mongodb://localhost/kjpos","timestamp":"2020-05-31T15:59:04.216Z"}
{"level":"info","message":"Listening on port 3001...","timestamp":"2020-05-31T15:59:51.258Z"}
{"level":"info","message":"Connected to mongodb://localhost/kjpos","timestamp":"2020-05-31T15:59:51.280Z"}
{"level":"info","message":"Listening on port 3001...","timestamp":"2020-05-31T15:59:53.383Z"}
{"level":"info","message":"Connected to mongodb://localhost/kjpos","timestamp":"2020-05-31T15:59:53.409Z"}
{"level":"info","message":"Listening on port 3001...","timestamp":"2020-05-31T16:00:56.356Z"}
{"level":"info","message":"Connected to mongodb://localhost/kjpos","timestamp":"2020-05-31T16:00:56.380Z"}
{"level":"info","message":"Listening on port 3001...","timestamp":"2020-05-31T16:01:15.194Z"}
{"level":"info","message":"Connected to mongodb://localhost/kjpos","timestamp":"2020-05-31T16:01:15.211Z"}
{"level":"info","message":"Listening on port 3001...","timestamp":"2020-05-31T16:01:49.605Z"}
{"level":"info","message":"Connected to mongodb://localhost/kjpos","timestamp":"2020-05-31T16:01:49.636Z"}
{"level":"info","message":"Listening on port 3001...","timestamp":"2020-05-31T16:02:22.037Z"}
{"level":"info","message":"Connected to mongodb://localhost/kjpos","timestamp":"2020-05-31T16:02:22.068Z"}
{"level":"info","message":"Listening on port 3001...","timestamp":"2020-05-31T16:03:08.914Z"}
{"level":"info","message":"Connected to mongodb://localhost/kjpos","timestamp":"2020-05-31T16:03:08.933Z"}
{"level":"info","message":"Listening on port 3001...","timestamp":"2020-05-31T16:03:33.690Z"}
{"level":"info","message":"Connected to mongodb://localhost/kjpos","timestamp":"2020-05-31T16:03:33.722Z"}
{"level":"info","message":"Listening on port 3001...","timestamp":"2020-05-31T16:03:47.226Z"}
{"level":"info","message":"Connected to mongodb://localhost/kjpos","timestamp":"2020-05-31T16:03:47.243Z"}
{"level":"info","message":"Listening on port 3001...","timestamp":"2020-05-31T16:04:09.619Z"}
{"level":"info","message":"Connected to mongodb://localhost/kjpos","timestamp":"2020-05-31T16:04:09.648Z"}
{"level":"info","message":"Listening on port 3001...","timestamp":"2020-05-31T16:04:26.416Z"}
{"level":"info","message":"Connected to mongodb://localhost/kjpos","timestamp":"2020-05-31T16:04:26.439Z"}
{"level":"info","message":"Listening on port 3001...","timestamp":"2020-05-31T16:08:09.565Z"}
{"level":"info","message":"Connected to mongodb://localhost/kjpos","timestamp":"2020-05-31T16:08:09.611Z"}
{"level":"info","message":"Listening on port 3001...","timestamp":"2020-05-31T16:08:36.581Z"}
{"level":"info","message":"Connected to mongodb://localhost/kjpos","timestamp":"2020-05-31T16:08:36.599Z"}
{"level":"info","message":"Listening on port 3001...","timestamp":"2020-05-31T16:08:46.460Z"}
{"level":"info","message":"Connected to mongodb://localhost/kjpos","timestamp":"2020-05-31T16:08:46.476Z"}
{"level":"info","message":"Listening on port 3001...","timestamp":"2020-05-31T16:10:00.302Z"}
{"level":"info","message":"Connected to mongodb://localhost/kjpos","timestamp":"2020-05-31T16:10:00.336Z"}
{"level":"info","message":"Listening on port 3001...","timestamp":"2020-05-31T16:10:42.249Z"}
{"level":"info","message":"Connected to mongodb://localhost/kjpos","timestamp":"2020-05-31T16:10:42.275Z"}
{"level":"info","message":"Listening on port 3001...","timestamp":"2020-05-31T16:11:22.768Z"}
{"level":"info","message":"Connected to mongodb://localhost/kjpos","timestamp":"2020-05-31T16:11:22.819Z"}
{"level":"info","message":"Listening on port 3001...","timestamp":"2020-05-31T16:13:27.020Z"}
{"level":"info","message":"Connected to mongodb://localhost/kjpos","timestamp":"2020-05-31T16:13:27.038Z"}
{"level":"info","message":"Listening on port 3001...","timestamp":"2020-05-31T16:13:30.835Z"}
{"level":"info","message":"Connected to mongodb://localhost/kjpos","timestamp":"2020-05-31T16:13:30.856Z"}
{"message":"Unexpected token a in JSON at position 3","stack":"SyntaxError: Unexpected token a in JSON at position 3\n    at JSON.parse (<anonymous>)\n    at parse (C:\\Users\\KEN\\Documents\\Web Projects\\ks-pos-api\\node_modules\\body-parser\\lib\\types\\json.js:89:19)\n    at C:\\Users\\KEN\\Documents\\Web Projects\\ks-pos-api\\node_modules\\body-parser\\lib\\read.js:121:18\n    at invokeCallback (C:\\Users\\KEN\\Documents\\Web Projects\\ks-pos-api\\node_modules\\raw-body\\index.js:224:16)\n    at done (C:\\Users\\KEN\\Documents\\Web Projects\\ks-pos-api\\node_modules\\raw-body\\index.js:213:7)\n    at IncomingMessage.onEnd (C:\\Users\\KEN\\Documents\\Web Projects\\ks-pos-api\\node_modules\\raw-body\\index.js:273:7)\n    at IncomingMessage.emit (events.js:228:7)\n    at endReadableNT (_stream_readable.js:1185:12)\n    at processTicksAndRejections (internal/process/task_queues.js:81:21)","expose":true,"statusCode":400,"status":400,"body":"{\n\tasd\n}","type":"entity.parse.failed","level":"error","timestamp":"2020-05-31T16:13:42.826Z"}
{"level":"info","message":"Listening on port 3001...","timestamp":"2020-05-31T16:15:19.130Z"}
{"level":"info","message":"Connected to mongodb://localhost/kjpos","timestamp":"2020-05-31T16:15:19.160Z"}
{"level":"info","message":"Listening on port 3001...","timestamp":"2020-05-31T16:15:25.544Z"}
{"level":"info","message":"Connected to mongodb://localhost/kjpos","timestamp":"2020-05-31T16:15:25.572Z"}
{"level":"info","message":"Listening on port 3001...","timestamp":"2020-05-31T16:15:30.769Z"}
{"level":"info","message":"Connected to mongodb://localhost/kjpos","timestamp":"2020-05-31T16:15:30.786Z"}
{"level":"info","message":"Listening on port 3001...","timestamp":"2020-05-31T16:15:33.817Z"}
{"level":"info","message":"Connected to mongodb://localhost/kjpos","timestamp":"2020-05-31T16:15:33.836Z"}
{"level":"info","message":"Listening on port 3001...","timestamp":"2020-05-31T16:16:27.133Z"}
{"level":"info","message":"Connected to mongodb://localhost/kjpos","timestamp":"2020-05-31T16:16:27.155Z"}
{"level":"info","message":"Listening on port 3001...","timestamp":"2020-05-31T16:17:28.711Z"}
{"level":"info","message":"Connected to mongodb://localhost/kjpos","timestamp":"2020-05-31T16:17:28.754Z"}
{"level":"info","message":"Listening on port 3001...","timestamp":"2020-05-31T16:18:10.420Z"}
{"level":"info","message":"Connected to mongodb://localhost/kjpos","timestamp":"2020-05-31T16:18:10.448Z"}
{"level":"info","message":"Listening on port 3001...","timestamp":"2020-05-31T16:20:49.657Z"}
{"level":"info","message":"Connected to mongodb://localhost/kjpos","timestamp":"2020-05-31T16:20:49.694Z"}
{"level":"info","message":"Listening on port 3001...","timestamp":"2020-05-31T16:21:37.562Z"}
{"level":"info","message":"Connected to mongodb://localhost/kjpos","timestamp":"2020-05-31T16:21:37.578Z"}
{"level":"info","message":"Listening on port 3001...","timestamp":"2020-05-31T16:21:50.679Z"}
{"level":"info","message":"Connected to mongodb://localhost/kjpos","timestamp":"2020-05-31T16:21:50.699Z"}
{"level":"info","message":"Listening on port 3001...","timestamp":"2020-05-31T16:22:41.293Z"}
{"level":"info","message":"Connected to mongodb://localhost/kjpos","timestamp":"2020-05-31T16:22:41.309Z"}
{"level":"info","message":"Listening on port 3001...","timestamp":"2020-05-31T16:23:17.696Z"}
{"level":"info","message":"Connected to mongodb://localhost/kjpos","timestamp":"2020-05-31T16:23:17.716Z"}
{"level":"info","message":"Listening on port 3001...","timestamp":"2020-05-31T16:23:28.001Z"}
{"level":"info","message":"Connected to mongodb://localhost/kjpos","timestamp":"2020-05-31T16:23:28.021Z"}
{"level":"info","message":"Listening on port 3001...","timestamp":"2020-05-31T16:23:43.971Z"}
{"level":"info","message":"Connected to mongodb://localhost/kjpos","timestamp":"2020-05-31T16:23:43.998Z"}
{"level":"info","message":"Listening on port 3001...","timestamp":"2020-05-31T16:23:46.519Z"}
{"level":"info","message":"Connected to mongodb://localhost/kjpos","timestamp":"2020-05-31T16:23:46.536Z"}
{"level":"info","message":"Listening on port 3001...","timestamp":"2020-05-31T16:23:56.648Z"}
{"level":"info","message":"Connected to mongodb://localhost/kjpos","timestamp":"2020-05-31T16:23:56.682Z"}
{"level":"info","message":"Listening on port 3001...","timestamp":"2020-05-31T16:23:59.651Z"}
{"level":"info","message":"Connected to mongodb://localhost/kjpos","timestamp":"2020-05-31T16:23:59.667Z"}
{"level":"info","message":"Listening on port 3001...","timestamp":"2020-05-31T16:24:50.069Z"}
{"level":"info","message":"Connected to mongodb://localhost/kjpos","timestamp":"2020-05-31T16:24:50.100Z"}
{"level":"info","message":"Listening on port 3001...","timestamp":"2020-05-31T16:24:53.040Z"}
{"level":"info","message":"Connected to mongodb://localhost/kjpos","timestamp":"2020-05-31T16:24:53.060Z"}
{"level":"info","message":"Listening on port 3001...","timestamp":"2020-05-31T16:25:39.069Z"}
{"level":"info","message":"Connected to mongodb://localhost/kjpos","timestamp":"2020-05-31T16:25:39.091Z"}
{"level":"info","message":"Listening on port 3001...","timestamp":"2020-05-31T16:25:57.736Z"}
{"level":"info","message":"Connected to mongodb://localhost/kjpos","timestamp":"2020-05-31T16:25:57.758Z"}
{"level":"info","message":"Listening on port 3001...","timestamp":"2020-05-31T16:26:25.193Z"}
{"level":"info","message":"Connected to mongodb://localhost/kjpos","timestamp":"2020-05-31T16:26:25.209Z"}
{"level":"info","message":"Listening on port 3001...","timestamp":"2020-05-31T16:27:19.132Z"}
{"level":"info","message":"Connected to mongodb://localhost/kjpos","timestamp":"2020-05-31T16:27:19.156Z"}
{"level":"info","message":"Listening on port 3001...","timestamp":"2020-05-31T16:28:15.400Z"}
{"level":"info","message":"Connected to mongodb://localhost/kjpos","timestamp":"2020-05-31T16:28:15.439Z"}
{"level":"info","message":"Listening on port 3001...","timestamp":"2020-05-31T16:28:31.740Z"}
{"level":"info","message":"Connected to mongodb://localhost/kjpos","timestamp":"2020-05-31T16:28:31.789Z"}
{"level":"info","message":"Listening on port 3001...","timestamp":"2020-05-31T16:29:49.995Z"}
{"level":"info","message":"Connected to mongodb://localhost/kjpos","timestamp":"2020-05-31T16:29:50.014Z"}
{"level":"info","message":"Listening on port 3001...","timestamp":"2020-05-31T16:30:01.992Z"}
{"level":"info","message":"Connected to mongodb://localhost/kjpos","timestamp":"2020-05-31T16:30:02.023Z"}
{"level":"info","message":"Listening on port 3001...","timestamp":"2020-05-31T16:30:11.183Z"}
{"level":"info","message":"Connected to mongodb://localhost/kjpos","timestamp":"2020-05-31T16:30:11.203Z"}
{"level":"info","message":"Listening on port 3001...","timestamp":"2020-05-31T16:31:11.620Z"}
{"level":"info","message":"Connected to mongodb://localhost/kjpos","timestamp":"2020-05-31T16:31:11.638Z"}
{"level":"info","message":"Listening on port 3001...","timestamp":"2020-05-31T16:31:55.639Z"}
{"level":"info","message":"Connected to mongodb://localhost/kjpos","timestamp":"2020-05-31T16:31:55.668Z"}
{"level":"info","message":"Listening on port 3001...","timestamp":"2020-05-31T16:35:21.108Z"}
{"level":"info","message":"Connected to mongodb://localhost/kjpos","timestamp":"2020-05-31T16:35:21.126Z"}
{"message":"Unexpected end of JSON input","stack":"SyntaxError: Unexpected end of JSON input\n    at JSON.parse (<anonymous>)\n    at parse (C:\\Users\\KEN\\Documents\\Web Projects\\ks-pos-api\\node_modules\\body-parser\\lib\\types\\json.js:89:19)\n    at C:\\Users\\KEN\\Documents\\Web Projects\\ks-pos-api\\node_modules\\body-parser\\lib\\read.js:121:18\n    at invokeCallback (C:\\Users\\KEN\\Documents\\Web Projects\\ks-pos-api\\node_modules\\raw-body\\index.js:224:16)\n    at done (C:\\Users\\KEN\\Documents\\Web Projects\\ks-pos-api\\node_modules\\raw-body\\index.js:213:7)\n    at IncomingMessage.onEnd (C:\\Users\\KEN\\Documents\\Web Projects\\ks-pos-api\\node_modules\\raw-body\\index.js:273:7)\n    at IncomingMessage.emit (events.js:228:7)\n    at endReadableNT (_stream_readable.js:1185:12)\n    at processTicksAndRejections (internal/process/task_queues.js:81:21)","expose":true,"statusCode":400,"status":400,"body":"{\n\t\"username\": \"kenjohnp\",\n\t\"password\": \"kenjohners\",\n\t","type":"entity.parse.failed","level":"error","timestamp":"2020-05-31T16:35:58.070Z"}
{"level":"info","message":"Listening on port 3001...","timestamp":"2020-05-31T16:37:06.872Z"}
{"level":"info","message":"Connected to mongodb://localhost/kjpos","timestamp":"2020-05-31T16:37:06.910Z"}
{"level":"info","message":"Listening on port 3001...","timestamp":"2020-05-31T16:39:53.303Z"}
{"level":"info","message":"Connected to mongodb://localhost/kjpos","timestamp":"2020-05-31T16:39:53.319Z"}
{"message":"Unexpected token } in JSON at position 28","stack":"SyntaxError: Unexpected token } in JSON at position 28\n    at JSON.parse (<anonymous>)\n    at parse (C:\\Users\\KEN\\Documents\\Web Projects\\ks-pos-api\\node_modules\\body-parser\\lib\\types\\json.js:89:19)\n    at C:\\Users\\KEN\\Documents\\Web Projects\\ks-pos-api\\node_modules\\body-parser\\lib\\read.js:121:18\n    at invokeCallback (C:\\Users\\KEN\\Documents\\Web Projects\\ks-pos-api\\node_modules\\raw-body\\index.js:224:16)\n    at done (C:\\Users\\KEN\\Documents\\Web Projects\\ks-pos-api\\node_modules\\raw-body\\index.js:213:7)\n    at IncomingMessage.onEnd (C:\\Users\\KEN\\Documents\\Web Projects\\ks-pos-api\\node_modules\\raw-body\\index.js:273:7)\n    at IncomingMessage.emit (events.js:228:7)\n    at endReadableNT (_stream_readable.js:1185:12)\n    at processTicksAndRejections (internal/process/task_queues.js:81:21)","expose":true,"statusCode":400,"status":400,"body":"{\n\t\"username\": \"kenjohnp\",\n\n}","type":"entity.parse.failed","level":"error","timestamp":"2020-05-31T16:40:05.097Z"}
{"level":"info","message":"Listening on port 3001...","timestamp":"2020-06-01T06:49:30.700Z"}
{"level":"info","message":"Connected to mongodb://localhost/kjpos","timestamp":"2020-06-01T06:49:30.717Z"}
{"level":"info","message":"Listening on port 3001...","timestamp":"2020-06-01T06:56:47.726Z"}
{"level":"info","message":"Connected to mongodb://localhost/kjpos","timestamp":"2020-06-01T06:56:47.750Z"}
{"level":"info","message":"Listening on port 3001...","timestamp":"2020-06-02T00:34:45.521Z"}
{"level":"info","message":"Connected to mongodb://localhost/kjpos","timestamp":"2020-06-02T00:34:45.591Z"}
{"level":"info","message":"Listening on port 3001...","timestamp":"2020-06-02T10:18:55.753Z"}
{"level":"info","message":"Connected to mongodb://localhost/kjpos","timestamp":"2020-06-02T10:18:55.932Z"}
{"level":"info","message":"Listening on port 3001...","timestamp":"2020-06-03T10:35:16.294Z"}
{"level":"info","message":"Connected to mongodb://localhost/kjpos","timestamp":"2020-06-03T10:35:16.343Z"}
{"level":"info","message":"Listening on port 3001...","timestamp":"2020-06-03T11:33:30.717Z"}
{"level":"info","message":"Connected to mongodb://localhost/kjpos","timestamp":"2020-06-03T11:33:30.735Z"}
{"level":"info","message":"Listening on port 3001...","timestamp":"2020-06-03T12:06:24.400Z"}
{"level":"info","message":"Connected to mongodb://localhost/kjpos","timestamp":"2020-06-03T12:06:24.417Z"}
{"level":"info","message":"Listening on port 3001...","timestamp":"2020-06-03T14:25:11.984Z"}
{"level":"info","message":"Connected to mongodb://localhost/kjpos","timestamp":"2020-06-03T14:25:12.006Z"}
{"level":"info","message":"Listening on port 3001...","timestamp":"2020-06-03T14:26:33.789Z"}
{"level":"info","message":"Connected to mongodb://localhost/kjpos","timestamp":"2020-06-03T14:26:33.807Z"}
{"level":"info","message":"Listening on port 3001...","timestamp":"2020-06-03T14:29:46.797Z"}
{"level":"info","message":"Connected to mongodb://localhost/kjpos","timestamp":"2020-06-03T14:29:46.814Z"}
{"level":"info","message":"Listening on port 3001...","timestamp":"2020-06-03T14:33:34.471Z"}
{"level":"info","message":"Connected to mongodb://localhost/kjpos","timestamp":"2020-06-03T14:33:34.488Z"}
{"level":"info","message":"Listening on port 3001...","timestamp":"2020-06-03T14:34:12.435Z"}
{"level":"info","message":"Connected to mongodb://localhost/kjpos","timestamp":"2020-06-03T14:34:12.456Z"}
{"level":"info","message":"Listening on port 3001...","timestamp":"2020-06-03T14:39:55.391Z"}
{"level":"info","message":"Connected to mongodb://localhost/kjpos","timestamp":"2020-06-03T14:39:55.408Z"}
{"level":"info","message":"Listening on port 3001...","timestamp":"2020-06-03T15:35:40.032Z"}
{"level":"info","message":"Connected to mongodb://localhost/kjpos","timestamp":"2020-06-03T15:35:40.048Z"}
